.\Release\Autoupdate.bsc
.\Release\Autoupdate.pdb
F:\AutoUpdateKS\Autoupdate\.\Release\Autoupdate.exe
F:\AutoUpdateKS\Autoupdate\.\Release\Autoupdate.exe.intermediate.manifest
F:\AUTOUPDATEKS\AUTOUPDATE\RELEASE\ANNUNCEPANEL.OBJ
F:\AUTOUPDATEKS\AUTOUPDATE\RELEASE\ANNUNCEPANEL.SBR
F:\AUTOUPDATEKS\AUTOUPDATE\RELEASE\AUTOUPDATE.BSC
F:\AUTOUPDATEKS\AUTOUPDATE\RELEASE\AUTOUPDATE.EXE
F:\AUTOUPDATEKS\AUTOUPDATE\RELEASE\AUTOUPDATE.EXE.INTERMEDIATE.MANIFEST
F:\AUTOUPDATEKS\AUTOUPDATE\RELEASE\AUTOUPDATE.OBJ
F:\AUTOUPDATEKS\AUTOUPDATE\RELEASE\AUTOUPDATE.PCH
F:\AUTOUPDATEKS\AUTOUPDATE\RELEASE\AUTOUPDATE.PDB
F:\AUTOUPDATEKS\AUTOUPDATE\RELEASE\AUTOUPDATE.RES
F:\AUTOUPDATEKS\AUTOUPDATE\RELEASE\AUTOUPDATE.SBR
F:\AutoUpdateKS\Autoupdate\Release\Autoupdate.write.1.tlog
F:\AUTOUPDATEKS\AUTOUPDATE\RELEASE\AUTOUPDATEDLG.OBJ
F:\AUTOUPDATEKS\AUTOUPDATE\RELEASE\AUTOUPDATEDLG.SBR
F:\AutoUpdateKS\Autoupdate\Release\BscMake.command.1.tlog
F:\AutoUpdateKS\Autoupdate\Release\bscmake.read.1.tlog
F:\AutoUpdateKS\Autoupdate\Release\bscmake.write.1.tlog
F:\AutoUpdateKS\Autoupdate\Release\cl.command.1.tlog
F:\AutoUpdateKS\Autoupdate\Release\CL.read.1.tlog
F:\AutoUpdateKS\Autoupdate\Release\CL.write.1.tlog
F:\AUTOUPDATEKS\AUTOUPDATE\RELEASE\DEFAULTPROCESS.OBJ
F:\AUTOUPDATEKS\AUTOUPDATE\RELEASE\DEFAULTPROCESS.SBR
F:\AUTOUPDATEKS\AUTOUPDATE\RELEASE\GAMEOPTIONPANEL.OBJ
F:\AUTOUPDATEKS\AUTOUPDATE\RELEASE\GAMEOPTIONPANEL.SBR
F:\AUTOUPDATEKS\AUTOUPDATE\RELEASE\HYPERLINKSTATIC.OBJ
F:\AUTOUPDATEKS\AUTOUPDATE\RELEASE\HYPERLINKSTATIC.SBR
F:\AUTOUPDATEKS\AUTOUPDATE\RELEASE\ITERMPROCESS.OBJ
F:\AUTOUPDATEKS\AUTOUPDATE\RELEASE\ITERMPROCESS.SBR
F:\AUTOUPDATEKS\AUTOUPDATE\RELEASE\ITERMPROCESSTYPECHECK.OBJ
F:\AUTOUPDATEKS\AUTOUPDATE\RELEASE\ITERMPROCESSTYPECHECK.SBR
F:\AUTOUPDATEKS\AUTOUPDATE\RELEASE\LIENTGAMEOPTIONPROCESS.OBJ
F:\AUTOUPDATEKS\AUTOUPDATE\RELEASE\LIENTGAMEOPTIONPROCESS.SBR
F:\AutoUpdateKS\Autoupdate\Release\link.command.1.tlog
F:\AutoUpdateKS\Autoupdate\Release\link.read.1.tlog
F:\AutoUpdateKS\Autoupdate\Release\link.write.1.tlog
F:\AutoUpdateKS\Autoupdate\Release\link-cvtres.read.1.tlog
F:\AutoUpdateKS\Autoupdate\Release\link-cvtres.write.1.tlog
F:\AutoUpdateKS\Autoupdate\Release\mt.command.1.tlog
F:\AutoUpdateKS\Autoupdate\Release\mt.read.1.tlog
F:\AutoUpdateKS\Autoupdate\Release\mt.write.1.tlog
F:\AutoUpdateKS\Autoupdate\Release\rc.command.1.tlog
F:\AutoUpdateKS\Autoupdate\Release\rc.read.1.tlog
F:\AutoUpdateKS\Autoupdate\Release\rc.write.1.tlog
F:\AUTOUPDATEKS\AUTOUPDATE\RELEASE\RECORDPROCESS.OBJ
F:\AUTOUPDATEKS\AUTOUPDATE\RELEASE\RECORDPROCESS.SBR
F:\AUTOUPDATEKS\AUTOUPDATE\RELEASE\SITEDLG.OBJ
F:\AUTOUPDATEKS\AUTOUPDATE\RELEASE\SITEDLG.SBR
F:\AUTOUPDATEKS\AUTOUPDATE\RELEASE\STARTDLG.OBJ
F:\AUTOUPDATEKS\AUTOUPDATE\RELEASE\STARTDLG.SBR
F:\AUTOUPDATEKS\AUTOUPDATE\RELEASE\STDAFX.OBJ
F:\AUTOUPDATEKS\AUTOUPDATE\RELEASE\STDAFX.SBR
F:\AUTOUPDATEKS\AUTOUPDATE\RELEASE\VC100.PDB
F:\AUTOUPDATEKS\AUTOUPDATE\RELEASE\WEBBROWSER2.OBJ
F:\AUTOUPDATEKS\AUTOUPDATE\RELEASE\WEBBROWSER2.SBR
