Build started 2/12/2025 11:59:37 AM.
     1>Project "C:\Users\Administrator\Documents\GitHub\kiemthe2009\Auto C++\Autoupdate\Autoupdate.vcxproj" on node 2 (rebuild target(s)).
     1>InitializeBuildStatus:
         Creating ".\Debug\Autoupdate.unsuccessfulbuild" because "AlwaysCreate" was specified.
       ClCompile:
         c:\Program Files (x86)\Microsoft Visual Studio 10.0\VC\bin\CL.exe /c /ZI /nologo /W3 /WX- /Od /Oy- /D _DEBUG /D WIN32 /D _WINDOWS /D _CRT_SECURE_NO_WARNINGS /D _VC80_UPGRADE=0x0600 /D _AFXDLL /Gm /EHsc /RTC1 /MDd /GS /Gy- /fp:precise /Zc:wchar_t /Zc:forScope /Yc"stdafx.h" /Fp".\Debug\Autoupdate.pch" /Fo".\Debug\\" /Fd".\Debug\vc100.pdb" /FR".\Debug\\" /Gd /TP /analyze- /errorReport:prompt StdAfx.cpp
         StdAfx.cpp
         c:\Program Files (x86)\Microsoft Visual Studio 10.0\VC\bin\CL.exe /c /ZI /nologo /W3 /WX- /Od /Oy- /D _DEBUG /D WIN32 /D _WINDOWS /D _CRT_SECURE_NO_WARNINGS /D _VC80_UPGRADE=0x0600 /D _AFXDLL /Gm /EHsc /RTC1 /MDd /GS /Gy- /fp:precise /Zc:wchar_t /Zc:forScope /Yu"stdafx.h" /Fp".\Debug\Autoupdate.pch" /Fo".\Debug\\" /Fd".\Debug\vc100.pdb" /FR".\Debug\\" /Gd /TP /analyze- /errorReport:prompt AnnuncePanel.cpp Autoupdate.cpp AutoupdateDlg.cpp DefaultProcess.cpp GameOptionPanel.cpp HyperlinkStatic.cpp ItermProcess.cpp ItermProcessTypeCheck.cpp lientGameOptionProcess.cpp RecordProcess.cpp SiteDlg.cpp StartDlg.cpp webbrowser2.cpp
         webbrowser2.cpp
         StartDlg.cpp
         SiteDlg.cpp
         RecordProcess.cpp
         lientGameOptionProcess.cpp
         ItermProcessTypeCheck.cpp
         ItermProcess.cpp
         HyperlinkStatic.cpp
         GameOptionPanel.cpp
         DefaultProcess.cpp
         AutoupdateDlg.cpp
         Autoupdate.cpp
         AnnuncePanel.cpp
         Generating Code...
       ResourceCompile:
         c:\Program Files (x86)\Microsoft SDKs\Windows\v7.0A\bin\rc.exe /D _DEBUG /D _VC80_UPGRADE=0x0600 /D _AFXDLL /l"0x0804" /nologo /fo".\Debug\Autoupdate.res" Autoupdate.rc 
       ManifestResourceCompile:
         c:\Program Files (x86)\Microsoft SDKs\Windows\v7.0A\bin\rc.exe /nologo /fo".\Debug\Autoupdate.exe.embed.manifest.res" .\Debug\Autoupdate_manifest.rc 
     1>C:\Program Files (x86)\MSBuild\Microsoft.Cpp\v4.0\Microsoft.CppBuild.targets(990,5): warning MSB8012: TargetPath(C:\Users\Administrator\Documents\GitHub\kiemthe2009\Auto C++\Autoupdate\.\Debug\Autoupdate.exe) does not match the Linker's OutputFile property value (C:\Users\Administrator\Documents\GitHub\kiemthe2009\Auto C++\Autoupdate\Debug\Jxonline.exe). This may cause your project to build incorrectly. To correct this, please make sure that $(OutDir), $(TargetName) and $(TargetExt) property values match the value specified in %(Link.OutputFile).
     1>C:\Program Files (x86)\MSBuild\Microsoft.Cpp\v4.0\Microsoft.CppBuild.targets(992,5): warning MSB8012: TargetName(Autoupdate) does not match the Linker's OutputFile property value (Jxonline). This may cause your project to build incorrectly. To correct this, please make sure that $(OutDir), $(TargetName) and $(TargetExt) property values match the value specified in %(Link.OutputFile).
       Link:
         c:\Program Files (x86)\Microsoft Visual Studio 10.0\VC\bin\link.exe /ERRORREPORT:PROMPT /OUT:"Debug/Jxonline.exe" /INCREMENTAL /NOLOGO /MANIFEST /ManifestFile:".\Debug\Autoupdate.exe.intermediate.manifest" /MANIFESTUAC:"level='asInvoker' uiAccess='false'" /DEBUG /PDB:"C:\Users\Administrator\Documents\GitHub\kiemthe2009\Auto C++\Autoupdate\Debug\Autoupdate.pdb" /SUBSYSTEM:WINDOWS /TLBID:1 /DYNAMICBASE /NXCOMPAT /IMPLIB:".\Debug\Autoupdate.lib" /MACHINE:X86 .\Debug\Autoupdate.res
         .\Debug\Autoupdate.exe.embed.manifest.res
         .\Debug\AnnuncePanel.obj
         .\Debug\Autoupdate.obj
         .\Debug\AutoupdateDlg.obj
         .\Debug\DefaultProcess.obj
         .\Debug\GameOptionPanel.obj
         .\Debug\HyperlinkStatic.obj
         .\Debug\ItermProcess.obj
         .\Debug\ItermProcessTypeCheck.obj
         .\Debug\lientGameOptionProcess.obj
         .\Debug\RecordProcess.obj
         .\Debug\SiteDlg.obj
         .\Debug\StartDlg.obj
         .\Debug\StdAfx.obj
         .\Debug\webbrowser2.obj
       Manifest:
         Deleting file ".\Debug\Autoupdate.exe.embed.manifest".
         c:\Program Files (x86)\Microsoft SDKs\Windows\v7.0A\bin\mt.exe /nologo /verbose /out:".\Debug\Autoupdate.exe.embed.manifest" /manifest .\Debug\Autoupdate.exe.intermediate.manifest "c:\Program Files (x86)\Microsoft Visual Studio 10.0\VC\Include\Manifest\dpiaware.manifest"
         c:\Program Files (x86)\Microsoft SDKs\Windows\v7.0A\bin\rc.exe /nologo /fo".\Debug\Autoupdate.exe.embed.manifest.res" .\Debug\Autoupdate_manifest.rc 
       LinkEmbedManifest:
         c:\Program Files (x86)\Microsoft Visual Studio 10.0\VC\bin\link.exe /ERRORREPORT:PROMPT /OUT:"Debug/Jxonline.exe" /INCREMENTAL /NOLOGO /MANIFEST /ManifestFile:".\Debug\Autoupdate.exe.intermediate.manifest" /MANIFESTUAC:"level='asInvoker' uiAccess='false'" /DEBUG /PDB:"C:\Users\Administrator\Documents\GitHub\kiemthe2009\Auto C++\Autoupdate\Debug\Autoupdate.pdb" /SUBSYSTEM:WINDOWS /TLBID:1 /DYNAMICBASE /NXCOMPAT /IMPLIB:".\Debug\Autoupdate.lib" /MACHINE:X86 .\Debug\Autoupdate.res
         .\Debug\Autoupdate.exe.embed.manifest.res
         .\Debug\AnnuncePanel.obj
         .\Debug\Autoupdate.obj
         .\Debug\AutoupdateDlg.obj
         .\Debug\DefaultProcess.obj
         .\Debug\GameOptionPanel.obj
         .\Debug\HyperlinkStatic.obj
         .\Debug\ItermProcess.obj
         .\Debug\ItermProcessTypeCheck.obj
         .\Debug\lientGameOptionProcess.obj
         .\Debug\RecordProcess.obj
         .\Debug\SiteDlg.obj
         .\Debug\StartDlg.obj
         .\Debug\StdAfx.obj
         .\Debug\webbrowser2.obj
         Autoupdate.vcxproj -> C:\Users\Administrator\Documents\GitHub\kiemthe2009\Auto C++\Autoupdate\.\Debug\Autoupdate.exe
       BscMake:
         c:\Program Files (x86)\Microsoft Visual Studio 10.0\VC\bin\bscmake.exe /nologo /o".\Debug\Autoupdate.bsc" .\Debug\AnnuncePanel.sbr .\Debug\Autoupdate.sbr .\Debug\AutoupdateDlg.sbr .\Debug\DefaultProcess.sbr .\Debug\GameOptionPanel.sbr .\Debug\HyperlinkStatic.sbr .\Debug\ItermProcess.sbr .\Debug\ItermProcessTypeCheck.sbr .\Debug\lientGameOptionProcess.sbr .\Debug\RecordProcess.sbr .\Debug\SiteDlg.sbr .\Debug\StartDlg.sbr .\Debug\StdAfx.sbr .\Debug\webbrowser2.sbr
       FinalizeBuildStatus:
         Deleting file ".\Debug\Autoupdate.unsuccessfulbuild".
         Touching ".\Debug\Autoupdate.lastbuildstate".
     1>Done Building Project "C:\Users\Administrator\Documents\GitHub\kiemthe2009\Auto C++\Autoupdate\Autoupdate.vcxproj" (rebuild target(s)).

Build succeeded.

Time Elapsed 00:00:14.60
